c:\users\jtf25\desktop\fyp\polymorphic\fyp-polymorphic-engine\polymorphic_engine_v1\release\clear_output_log_controller.obj
c:\users\jtf25\desktop\fyp\polymorphic\fyp-polymorphic-engine\polymorphic_engine_v1\release\save_as_new_file_controller.obj
c:\users\jtf25\desktop\fyp\polymorphic\fyp-polymorphic-engine\polymorphic_engine_v1\release\create_new_file_controller.obj
c:\users\jtf25\desktop\fyp\polymorphic\fyp-polymorphic-engine\polymorphic_engine_v1\release\view_disassembly_controller.obj
c:\users\jtf25\desktop\fyp\polymorphic\fyp-polymorphic-engine\polymorphic_engine_v1\release\compile_code_controller.obj
c:\users\jtf25\desktop\fyp\polymorphic\fyp-polymorphic-engine\polymorphic_engine_v1\release\view_executable_sizes_controller.obj
c:\users\jtf25\desktop\fyp\polymorphic\fyp-polymorphic-engine\polymorphic_engine_v1\release\file_reader.obj
c:\users\jtf25\desktop\fyp\polymorphic\fyp-polymorphic-engine\polymorphic_engine_v1\release\view_compilation_status_controller.obj
c:\users\jtf25\desktop\fyp\polymorphic\fyp-polymorphic-engine\polymorphic_engine_v1\release\open_existing_file_controller.obj
c:\users\jtf25\desktop\fyp\polymorphic\fyp-polymorphic-engine\polymorphic_engine_v1\release\undo_action_controller.obj
c:\users\jtf25\desktop\fyp\polymorphic\fyp-polymorphic-engine\polymorphic_engine_v1\release\morph_executable_controller.obj
c:\users\jtf25\desktop\fyp\polymorphic\fyp-polymorphic-engine\polymorphic_engine_v1\release\choose_payload_controller.obj
c:\users\jtf25\desktop\fyp\polymorphic\fyp-polymorphic-engine\polymorphic_engine_v1\release\save_current_file_controller.obj
c:\users\jtf25\desktop\fyp\polymorphic\fyp-polymorphic-engine\polymorphic_engine_v1\release\main.obj
c:\users\jtf25\desktop\fyp\polymorphic\fyp-polymorphic-engine\polymorphic_engine_v1\release\run_executable_controller.obj
c:\users\jtf25\desktop\fyp\polymorphic\fyp-polymorphic-engine\polymorphic_engine_v1\release\file_saver.obj
c:\users\jtf25\desktop\fyp\polymorphic\fyp-polymorphic-engine\polymorphic_engine_v1\release\view_about_information_controller.obj
c:\users\jtf25\desktop\fyp\polymorphic\fyp-polymorphic-engine\polymorphic_engine_v1\release\disassembly.obj
c:\users\jtf25\desktop\fyp\polymorphic\fyp-polymorphic-engine\polymorphic_engine_v1\release\redo_action_controller.obj
c:\users\jtf25\desktop\fyp\polymorphic\fyp-polymorphic-engine\polymorphic_engine_v1\release\mainwindow.obj
c:\users\jtf25\desktop\fyp\polymorphic\fyp-polymorphic-engine\polymorphic_engine_v1\release\write_code_in_c_cpp_controller.obj
c:\users\jtf25\desktop\fyp\polymorphic\fyp-polymorphic-engine\polymorphic_engine_v1\release\exit_application_controller.obj
c:\users\jtf25\desktop\fyp\polymorphic\fyp-polymorphic-engine\polymorphic_engine_v1\release\view_executable_signatures_controller.obj
c:\users\jtf25\desktop\fyp\polymorphic\fyp-polymorphic-engine\polymorphic_engine_v1\release\moc_compile_code_controller.obj
c:\users\jtf25\desktop\fyp\polymorphic\fyp-polymorphic-engine\polymorphic_engine_v1\release\moc_view_executable_sizes_controller.obj
c:\users\jtf25\desktop\fyp\polymorphic\fyp-polymorphic-engine\polymorphic_engine_v1\release\moc_file_reader.obj
c:\users\jtf25\desktop\fyp\polymorphic\fyp-polymorphic-engine\polymorphic_engine_v1\release\moc_view_disassembly_controller.obj
c:\users\jtf25\desktop\fyp\polymorphic\fyp-polymorphic-engine\polymorphic_engine_v1\release\moc_create_new_file_controller.obj
c:\users\jtf25\desktop\fyp\polymorphic\fyp-polymorphic-engine\polymorphic_engine_v1\release\moc_mainwindow.obj
c:\users\jtf25\desktop\fyp\polymorphic\fyp-polymorphic-engine\polymorphic_engine_v1\release\moc_save_current_file_controller.obj
c:\users\jtf25\desktop\fyp\polymorphic\fyp-polymorphic-engine\polymorphic_engine_v1\release\moc_clear_output_log_controller.obj
c:\users\jtf25\desktop\fyp\polymorphic\fyp-polymorphic-engine\polymorphic_engine_v1\release\moc_view_executable_signatures_controller.obj
c:\users\jtf25\desktop\fyp\polymorphic\fyp-polymorphic-engine\polymorphic_engine_v1\release\moc_redo_action_controller.obj
c:\users\jtf25\desktop\fyp\polymorphic\fyp-polymorphic-engine\polymorphic_engine_v1\release\moc_undo_action_controller.obj
c:\users\jtf25\desktop\fyp\polymorphic\fyp-polymorphic-engine\polymorphic_engine_v1\release\moc_open_existing_file_controller.obj
c:\users\jtf25\desktop\fyp\polymorphic\fyp-polymorphic-engine\polymorphic_engine_v1\release\moc_choose_payload_controller.obj
c:\users\jtf25\desktop\fyp\polymorphic\fyp-polymorphic-engine\polymorphic_engine_v1\release\moc_save_as_new_file_controller.obj
c:\users\jtf25\desktop\fyp\polymorphic\fyp-polymorphic-engine\polymorphic_engine_v1\release\moc_run_executable_controller.obj
c:\users\jtf25\desktop\fyp\polymorphic\fyp-polymorphic-engine\polymorphic_engine_v1\release\moc_view_about_information_controller.obj
c:\users\jtf25\desktop\fyp\polymorphic\fyp-polymorphic-engine\polymorphic_engine_v1\release\moc_file_saver.obj
c:\users\jtf25\desktop\fyp\polymorphic\fyp-polymorphic-engine\polymorphic_engine_v1\release\moc_view_compilation_status_controller.obj
c:\users\jtf25\desktop\fyp\polymorphic\fyp-polymorphic-engine\polymorphic_engine_v1\release\moc_exit_application_controller.obj
c:\users\jtf25\desktop\fyp\polymorphic\fyp-polymorphic-engine\polymorphic_engine_v1\release\moc_morph_executable_controller.obj
c:\users\jtf25\desktop\fyp\polymorphic\fyp-polymorphic-engine\polymorphic_engine_v1\release\moc_write_code_in_c_cpp_controller.obj
c:\users\jtf25\desktop\fyp\polymorphic\fyp-polymorphic-engine\polymorphic_engine_v1\release\moc_predefs.h
c:\users\jtf25\desktop\fyp\polymorphic\fyp-polymorphic-engine\polymorphic_engine_v1\release\polymorphic_engine_v1.exe
c:\users\jtf25\desktop\fyp\polymorphic\fyp-polymorphic-engine\polymorphic_engine_v1\release\moc_choose_payload_controller.cpp
c:\users\jtf25\desktop\fyp\polymorphic\fyp-polymorphic-engine\polymorphic_engine_v1\release\moc_clear_output_log_controller.cpp
c:\users\jtf25\desktop\fyp\polymorphic\fyp-polymorphic-engine\polymorphic_engine_v1\release\moc_compile_code_controller.cpp
c:\users\jtf25\desktop\fyp\polymorphic\fyp-polymorphic-engine\polymorphic_engine_v1\release\moc_create_new_file_controller.cpp
c:\users\jtf25\desktop\fyp\polymorphic\fyp-polymorphic-engine\polymorphic_engine_v1\release\moc_exit_application_controller.cpp
c:\users\jtf25\desktop\fyp\polymorphic\fyp-polymorphic-engine\polymorphic_engine_v1\release\moc_file_reader.cpp
c:\users\jtf25\desktop\fyp\polymorphic\fyp-polymorphic-engine\polymorphic_engine_v1\release\moc_file_saver.cpp
c:\users\jtf25\desktop\fyp\polymorphic\fyp-polymorphic-engine\polymorphic_engine_v1\release\moc_mainwindow.cpp
c:\users\jtf25\desktop\fyp\polymorphic\fyp-polymorphic-engine\polymorphic_engine_v1\release\moc_morph_executable_controller.cpp
c:\users\jtf25\desktop\fyp\polymorphic\fyp-polymorphic-engine\polymorphic_engine_v1\release\moc_open_existing_file_controller.cpp
c:\users\jtf25\desktop\fyp\polymorphic\fyp-polymorphic-engine\polymorphic_engine_v1\release\moc_redo_action_controller.cpp
c:\users\jtf25\desktop\fyp\polymorphic\fyp-polymorphic-engine\polymorphic_engine_v1\release\moc_run_executable_controller.cpp
c:\users\jtf25\desktop\fyp\polymorphic\fyp-polymorphic-engine\polymorphic_engine_v1\release\moc_save_as_new_file_controller.cpp
c:\users\jtf25\desktop\fyp\polymorphic\fyp-polymorphic-engine\polymorphic_engine_v1\release\moc_save_current_file_controller.cpp
c:\users\jtf25\desktop\fyp\polymorphic\fyp-polymorphic-engine\polymorphic_engine_v1\release\moc_undo_action_controller.cpp
c:\users\jtf25\desktop\fyp\polymorphic\fyp-polymorphic-engine\polymorphic_engine_v1\release\moc_view_about_information_controller.cpp
c:\users\jtf25\desktop\fyp\polymorphic\fyp-polymorphic-engine\polymorphic_engine_v1\release\moc_view_compilation_status_controller.cpp
c:\users\jtf25\desktop\fyp\polymorphic\fyp-polymorphic-engine\polymorphic_engine_v1\release\moc_view_disassembly_controller.cpp
c:\users\jtf25\desktop\fyp\polymorphic\fyp-polymorphic-engine\polymorphic_engine_v1\release\moc_view_executable_signatures_controller.cpp
c:\users\jtf25\desktop\fyp\polymorphic\fyp-polymorphic-engine\polymorphic_engine_v1\release\moc_view_executable_sizes_controller.cpp
c:\users\jtf25\desktop\fyp\polymorphic\fyp-polymorphic-engine\polymorphic_engine_v1\release\moc_write_code_in_c_cpp_controller.cpp
c:\users\jtf25\desktop\fyp\polymorphic\fyp-polymorphic-engine\polymorphic_engine_v1\ui_mainwindow.h
c:\users\jtf25\desktop\fyp\polymorphic\fyp-polymorphic-engine\polymorphic_engine_v1\release\polymorphic_engine_v1.lib
c:\users\jtf25\desktop\fyp\polymorphic\fyp-polymorphic-engine\polymorphic_engine_v1\release\polymorphic_engine_v1.exp
c:\users\jtf25\desktop\fyp\polymorphic\fyp-polymorphic-engine\polymorphic_engine_v1\release\polymorp.a6477159.tlog\cl.11276.write.1.tlog
c:\users\jtf25\desktop\fyp\polymorphic\fyp-polymorphic-engine\polymorphic_engine_v1\release\polymorp.a6477159.tlog\cl.command.1.tlog
c:\users\jtf25\desktop\fyp\polymorphic\fyp-polymorphic-engine\polymorphic_engine_v1\release\polymorp.a6477159.tlog\cl.read.1.tlog
c:\users\jtf25\desktop\fyp\polymorphic\fyp-polymorphic-engine\polymorphic_engine_v1\release\polymorp.a6477159.tlog\custombuild.command.1.tlog
c:\users\jtf25\desktop\fyp\polymorphic\fyp-polymorphic-engine\polymorphic_engine_v1\release\polymorp.a6477159.tlog\custombuild.read.1.tlog
c:\users\jtf25\desktop\fyp\polymorphic\fyp-polymorphic-engine\polymorphic_engine_v1\release\polymorp.a6477159.tlog\custombuild.write.1.tlog
c:\users\jtf25\desktop\fyp\polymorphic\fyp-polymorphic-engine\polymorphic_engine_v1\release\polymorp.a6477159.tlog\link.command.1.tlog
c:\users\jtf25\desktop\fyp\polymorphic\fyp-polymorphic-engine\polymorphic_engine_v1\release\polymorp.a6477159.tlog\link.read.1.tlog
c:\users\jtf25\desktop\fyp\polymorphic\fyp-polymorphic-engine\polymorphic_engine_v1\release\polymorp.a6477159.tlog\link.write.1.tlog
c:\users\jtf25\desktop\fyp\polymorphic\fyp-polymorphic-engine\polymorphic_engine_v1\release\polymorp.a6477159.tlog\moc.read.1u.tlog
c:\users\jtf25\desktop\fyp\polymorphic\fyp-polymorphic-engine\polymorphic_engine_v1\release\polymorp.a6477159.tlog\moc.write.1u.tlog
c:\users\jtf25\desktop\fyp\polymorphic\fyp-polymorphic-engine\polymorphic_engine_v1\release\polymorp.a6477159.tlog\polymorphic_engine_v1.write.1u.tlog
c:\users\jtf25\desktop\fyp\polymorphic\fyp-polymorphic-engine\polymorphic_engine_v1\release\polymorp.a6477159.tlog\uic.read.1u.tlog
c:\users\jtf25\desktop\fyp\polymorphic\fyp-polymorphic-engine\polymorphic_engine_v1\release\polymorp.a6477159.tlog\uic.write.1u.tlog
