  Uic'ing mainwindow.ui...
  Moc'ing file_reader.h...
  Moc'ing mainwindow.h...
  Moc'ing morph_executable_controller.h...
  choose_payload_controller.cpp
  compile_code_controller.cpp
  create_new_file_controller.cpp
  exit_application_controller.cpp
  file_reader.cpp
  file_saver.cpp
  main.cpp
  mainwindow.cpp
  morph_executable_controller.cpp
  open_existing_file_controller.cpp
  redo_action_controller.cpp
  save_as_new_file_controller.cpp
c:\users\jtf25\desktop\fyp\polymorphic\fyp-polymorphic-engine\polymorphic_engine_v1\file_reader.cpp(97): warning C4100: 'buffer': unreferenced formal parameter
c:\users\jtf25\desktop\fyp\polymorphic\fyp-polymorphic-engine\polymorphic_engine_v1\file_reader.cpp(106): warning C4189: 'version': local variable is initialized but not referenced
  save_current_file_controller.cpp
  undo_action_controller.cpp
  view_compilation_status_controller.cpp
  write_code_in_c_cpp_controller.cpp
  moc_choose_payload_controller.cpp
  moc_compile_code_controller.cpp
  moc_create_new_file_controller.cpp
  moc_exit_application_controller.cpp
  moc_file_saver.cpp
  moc_open_existing_file_controller.cpp
  moc_redo_action_controller.cpp
  moc_save_as_new_file_controller.cpp
  moc_save_current_file_controller.cpp
  moc_undo_action_controller.cpp
  moc_view_compilation_status_controller.cpp
  moc_write_code_in_c_cpp_controller.cpp
  moc_file_reader.cpp
  moc_mainwindow.cpp
  moc_morph_executable_controller.cpp
  Polymorphic_Engine_V1.vcxproj -> C:\Users\jtf25\Desktop\FYP\Polymorphic\FYP-Polymorphic-Engine\Polymorphic_Engine_V1\release\Polymorphic_Engine_V1.exe
